app/build/outputs/logs/manifest-merger-debug-report.txt
-- Merging decision tree log ---
manifest
ADDED from src\main\AndroidManifest.xml:2:1-118:12
	package
		ADDED from src\main\AndroidManifest.xml:3:5-30
		INJECTED from src\main\AndroidManifest.xml
		INJECTED from src\main\AndroidManifest.xml
	android:versionName
		ADDED from src\main\AndroidManifest.xml:5:5-30
		INJECTED from src\main\AndroidManifest.xml
		INJECTED from src\main\AndroidManifest.xml
	android:versionCode
		ADDED from src\main\AndroidManifest.xml:4:5-28
		INJECTED from src\main\AndroidManifest.xml
		INJECTED from src\main\AndroidManifest.xml
	xmlns:android
		ADDED from src\main\AndroidManifest.xml:2:11-69
uses-sdk
ADDED from src\main\AndroidManifest.xml:7:5-9:41
	android:targetSdkVersion
		ADDED from src\main\AndroidManifest.xml:9:9-38
		INJECTED from src\main\AndroidManifest.xml
		INJECTED from src\main\AndroidManifest.xml
	android:minSdkVersion
		ADDED from src\main\AndroidManifest.xml:8:9-34
		INJECTED from src\main\AndroidManifest.xml
		INJECTED from src\main\AndroidManifest.xml
uses-permission#android.permission.INTERNET
ADDED from src\main\AndroidManifest.xml:11:5-66
	android:name
		ADDED from src\main\AndroidManifest.xml:11:22-64
uses-permission#android.permission.CAMERA
ADDED from src\main\AndroidManifest.xml:12:2-61
	android:name
		ADDED from src\main\AndroidManifest.xml:12:19-59
uses-feature#android.hardware.camera
ADDED from src\main\AndroidManifest.xml:13:2-56
	android:name
		ADDED from src\main\AndroidManifest.xml:13:16-54
uses-feature#android.hardware.camera.autofocus
ADDED from src\main\AndroidManifest.xml:14:2-66
	android:name
		ADDED from src\main\AndroidManifest.xml:14:16-64
uses-permission#android.permission.WAKE_LOCK
ADDED from src\main\AndroidManifest.xml:15:2-65
	android:name
		ADDED from src\main\AndroidManifest.xml:15:19-62
uses-permission#android.permission.READ_EXTERNAL_STORAGE
ADDED from src\main\AndroidManifest.xml:16:5-80
	android:name
		ADDED from src\main\AndroidManifest.xml:16:22-77
uses-permission#android.permission.ACCESS_NETWORK_STATE
ADDED from src\main\AndroidManifest.xml:17:5-79
	android:name
		ADDED from src\main\AndroidManifest.xml:17:22-76
application
ADDED from src\main\AndroidManifest.xml:19:5-116:19
	android:label
		ADDED from src\main\AndroidManifest.xml:22:9-41
	android:allowBackup
		ADDED from src\main\AndroidManifest.xml:20:9-35
	android:icon
		ADDED from src\main\AndroidManifest.xml:21:9-45
	android:theme
		ADDED from src\main\AndroidManifest.xml:23:9-40
activity#com.pressviewer.MainActivity
ADDED from src\main\AndroidManifest.xml:24:9-32:20
	android:label
		ADDED from src\main\AndroidManifest.xml:26:13-45
	android:name
		ADDED from src\main\AndroidManifest.xml:25:13-56
intent-filter#android.intent.action.MAIN+android.intent.category.LAUNCHER
ADDED from src\main\AndroidManifest.xml:27:13-31:29
action#android.intent.action.MAIN
ADDED from src\main\AndroidManifest.xml:28:17-69
	android:name
		ADDED from src\main\AndroidManifest.xml:28:25-66
category#android.intent.category.LAUNCHER
ADDED from src\main\AndroidManifest.xml:30:17-77
	android:name
		ADDED from src\main\AndroidManifest.xml:30:27-74
activity#com.pressviewer.Home
ADDED from src\main\AndroidManifest.xml:33:9-41:20
	android:label
		ADDED from src\main\AndroidManifest.xml:35:13-45
	android:name
		ADDED from src\main\AndroidManifest.xml:34:13-48
intent-filter#android.intent.category.DEFAULT+com.pressviewer.HOME
ADDED from src\main\AndroidManifest.xml:36:13-40:29
action#com.pressviewer.HOME
ADDED from src\main\AndroidManifest.xml:37:17-63
	android:name
		ADDED from src\main\AndroidManifest.xml:37:25-60
category#android.intent.category.DEFAULT
ADDED from src\main\AndroidManifest.xml:39:17-76
	android:name
		ADDED from src\main\AndroidManifest.xml:39:27-73
activity#com.pressviewer.AboutUs
ADDED from src\main\AndroidManifest.xml:42:9-50:20
	android:label
		ADDED from src\main\AndroidManifest.xml:44:13-37
	android:theme
		ADDED from src\main\AndroidManifest.xml:45:13-56
	android:name
		ADDED from src\main\AndroidManifest.xml:43:13-51
intent-filter#android.intent.category.DEFAULT+com.pressviewer.ABOUTUS
ADDED from src\main\AndroidManifest.xml:46:13-49:29
action#com.pressviewer.ABOUTUS
ADDED from src\main\AndroidManifest.xml:47:17-66
	android:name
		ADDED from src\main\AndroidManifest.xml:47:25-63
activity#com.pressviewer.VideoHome
ADDED from src\main\AndroidManifest.xml:51:9-57:20
	android:name
		ADDED from src\main\AndroidManifest.xml:52:13-53
intent-filter#android.intent.category.DEFAULT+com.pressviewer.VIDEOHOME
ADDED from src\main\AndroidManifest.xml:53:24-56:29
action#com.pressviewer.VIDEOHOME
ADDED from src\main\AndroidManifest.xml:54:17-68
	android:name
		ADDED from src\main\AndroidManifest.xml:54:25-65
activity#com.pressviewer.Entertainment
ADDED from src\main\AndroidManifest.xml:58:9-64:20
	android:name
		ADDED from src\main\AndroidManifest.xml:58:19-63
intent-filter#android.intent.category.DEFAULT+com.pressviewer.ENTER
ADDED from src\main\AndroidManifest.xml:60:13-63:29
action#com.pressviewer.ENTER
ADDED from src\main\AndroidManifest.xml:61:17-64
	android:name
		ADDED from src\main\AndroidManifest.xml:61:25-61
activity#com.pressviewer.HomeScreen
ADDED from src\main\AndroidManifest.xml:65:9-68:20
	android:label
		ADDED from src\main\AndroidManifest.xml:67:13-63
	android:name
		ADDED from src\main\AndroidManifest.xml:66:13-54
activity#com.pressviewer.PlayingVideo
ADDED from src\main\AndroidManifest.xml:69:9-72:20
	android:label
		ADDED from src\main\AndroidManifest.xml:71:13-63
	android:name
		ADDED from src\main\AndroidManifest.xml:70:13-41
activity#com.pressviewer.AndroidBarcodeQrExample
ADDED from src\main\AndroidManifest.xml:73:11-77:20
	android:label
		ADDED from src\main\AndroidManifest.xml:75:13-45
	android:name
		ADDED from src\main\AndroidManifest.xml:74:13-67
activity#com.pressviewer.AllTopSActivity
ADDED from src\main\AndroidManifest.xml:78:9-81:20
	android:label
		ADDED from src\main\AndroidManifest.xml:80:13-45
	android:name
		ADDED from src\main\AndroidManifest.xml:79:13-44
activity#com.pressviewer.AllBusinessActivity
ADDED from src\main\AndroidManifest.xml:83:9-86:20
	android:label
		ADDED from src\main\AndroidManifest.xml:85:13-45
	android:name
		ADDED from src\main\AndroidManifest.xml:84:13-48
activity#com.pressviewer.AllGossipActivity
ADDED from src\main\AndroidManifest.xml:88:9-91:20
	android:label
		ADDED from src\main\AndroidManifest.xml:90:13-45
	android:name
		ADDED from src\main\AndroidManifest.xml:89:13-46
activity#com.pressviewer.AllMoviesActivity
ADDED from src\main\AndroidManifest.xml:92:9-95:20
	android:label
		ADDED from src\main\AndroidManifest.xml:94:13-45
	android:name
		ADDED from src\main\AndroidManifest.xml:93:13-46
activity#com.pressviewer.AllPoliticalActivity
ADDED from src\main\AndroidManifest.xml:96:9-99:20
	android:label
		ADDED from src\main\AndroidManifest.xml:98:13-45
	android:name
		ADDED from src\main\AndroidManifest.xml:97:13-49
activity#com.pressviewer.AllSongsActivity
ADDED from src\main\AndroidManifest.xml:100:9-103:20
	android:label
		ADDED from src\main\AndroidManifest.xml:102:13-45
	android:name
		ADDED from src\main\AndroidManifest.xml:101:13-45
activity#com.pressviewer.AllSportsActivity
ADDED from src\main\AndroidManifest.xml:104:9-107:20
	android:label
		ADDED from src\main\AndroidManifest.xml:106:13-45
	android:name
		ADDED from src\main\AndroidManifest.xml:105:13-46
activity#com.pressviewer.Youtube
ADDED from src\main\AndroidManifest.xml:108:9-111:20
	android:label
		ADDED from src\main\AndroidManifest.xml:110:13-45
	android:name
		ADDED from src\main\AndroidManifest.xml:109:13-36
activity#com.pressviewer.Related
ADDED from src\main\AndroidManifest.xml:112:9-115:20
	android:label
		ADDED from src\main\AndroidManifest.xml:114:13-45
	android:name
		ADDED from src\main\AndroidManifest.xml:113:13-36